<?xml version="1.0" encoding="UTF-8"?>
<!-- Generated by org.testng.reporters.JUnitXMLReporter -->
<testsuite ignored="3" hostname="DESKTOP-EP6G3N2" failures="0" tests="2" name="Test" time="42.984" errors="0" timestamp="2022-06-06T00:48:33 BDT">
  <testcase classname="GoZayaanSetUp.GoZayaanSettings" name="main" time="26.224"/>
  <testcase classname="GoZayaanSetUp.GoZayaanSettings" name="goLogin" time="16.665"/>
  <testcase classname="GoZayaanSetUp.GoZayaanSettings" name="goPofile" time="0.0">
    <ignored/>
  </testcase> <!-- goPofile -->
  <testcase classname="GoZayaanSetUp.GoZayaanSettings" name="goProfilePicture" time="0.0">
    <ignored/>
  </testcase> <!-- goProfilePicture -->
  <testcase classname="GoZayaanSetUp.GoZayaanSettings" name="goSignUp" time="0.0">
    <ignored/>
  </testcase> <!-- goSignUp -->
</testsuite> <!-- Test -->
