<?xml version="1.0" encoding="UTF-8"?>
<testng-results ignored="0" total="5" passed="4" failed="1" skipped="0">
  <reporter-output>
  </reporter-output>
  <suite started-at="2022-06-13T17:08:34 BDT" name="GoZyaan" finished-at="2022-06-13T17:11:07 BDT" duration-ms="153636">
    <groups>
    </groups>
    <test started-at="2022-06-13T17:08:34 BDT" name="goLogin test" finished-at="2022-06-13T17:09:02 BDT" duration-ms="28548">
      <class name="gozayaan.testcases.login">
        <test-method is-config="true" signature="initialize()[pri:0, instance:gozayaan.testcases.login@4c51cf28]" started-at="2022-06-13T17:08:34 BDT" name="initialize" finished-at="2022-06-13T17:08:49 BDT" duration-ms="15274" status="PASS">
          <reporter-output>
          </reporter-output>
        </test-method> <!-- initialize -->
        <test-method signature="goLogin()[pri:0, instance:gozayaan.testcases.login@4c51cf28]" started-at="2022-06-13T17:08:49 BDT" name="goLogin" finished-at="2022-06-13T17:08:58 BDT" duration-ms="8266" status="PASS">
          <reporter-output>
          </reporter-output>
        </test-method> <!-- goLogin -->
        <test-method is-config="true" signature="browserQuit()[pri:0, instance:gozayaan.testcases.login@4c51cf28]" started-at="2022-06-13T17:08:58 BDT" name="browserQuit" finished-at="2022-06-13T17:09:02 BDT" duration-ms="4415" status="PASS">
          <reporter-output>
          </reporter-output>
        </test-method> <!-- browserQuit -->
      </class> <!-- gozayaan.testcases.login -->
    </test> <!-- goLogin test -->
    <test started-at="2022-06-13T17:09:03 BDT" name="goProfile test" finished-at="2022-06-13T17:09:57 BDT" duration-ms="53567">
      <class name="gozayaan.testcases.profile">
        <test-method is-config="true" signature="initialize()[pri:0, instance:gozayaan.testcases.profile@41d426b5]" started-at="2022-06-13T17:09:03 BDT" name="initialize" finished-at="2022-06-13T17:09:31 BDT" duration-ms="27554" status="PASS">
          <reporter-output>
          </reporter-output>
        </test-method> <!-- initialize -->
        <test-method signature="goPofile()[pri:0, instance:gozayaan.testcases.profile@41d426b5]" started-at="2022-06-13T17:09:31 BDT" name="goPofile" finished-at="2022-06-13T17:09:50 BDT" duration-ms="19052" status="PASS">
          <reporter-output>
          </reporter-output>
        </test-method> <!-- goPofile -->
        <test-method is-config="true" signature="browserQuit()[pri:0, instance:gozayaan.testcases.profile@41d426b5]" started-at="2022-06-13T17:09:50 BDT" name="browserQuit" finished-at="2022-06-13T17:09:57 BDT" duration-ms="6954" status="PASS">
          <reporter-output>
          </reporter-output>
        </test-method> <!-- browserQuit -->
      </class> <!-- gozayaan.testcases.profile -->
    </test> <!-- goProfile test -->
    <test started-at="2022-06-13T17:09:57 BDT" name="goProfilePicture test" finished-at="2022-06-13T17:10:18 BDT" duration-ms="21423">
      <class name="gozayaan.testcases.profilePicture">
        <test-method is-config="true" signature="initialize()[pri:0, instance:gozayaan.testcases.profilePicture@2e2ff723]" started-at="2022-06-13T17:09:57 BDT" name="initialize" finished-at="2022-06-13T17:10:07 BDT" duration-ms="10395" status="PASS">
          <reporter-output>
          </reporter-output>
        </test-method> <!-- initialize -->
        <test-method signature="goProfilePicture()[pri:0, instance:gozayaan.testcases.profilePicture@2e2ff723]" started-at="2022-06-13T17:10:07 BDT" name="goProfilePicture" finished-at="2022-06-13T17:10:15 BDT" duration-ms="8017" status="FAIL">
          <exception class="java.io.IOException">
            <message>
              <![CDATA[Cannot run program "resources/picupload.exe": CreateProcess error=2, The system cannot find the file specified]]>
            </message>
            <full-stacktrace>
              <![CDATA[java.io.IOException: Cannot run program "resources/picupload.exe": CreateProcess error=2, The system cannot find the file specified
at java.base/java.lang.ProcessBuilder.start(ProcessBuilder.java:1143)
at java.base/java.lang.ProcessBuilder.start(ProcessBuilder.java:1073)
at java.base/java.lang.Runtime.exec(Runtime.java:594)
at java.base/java.lang.Runtime.exec(Runtime.java:418)
at java.base/java.lang.Runtime.exec(Runtime.java:315)
at gozayaan.testcases.profilePicture.goProfilePicture(profilePicture.java:33)
at java.base/jdk.internal.reflect.NativeMethodAccessorImpl.invoke0(Native Method)
at java.base/jdk.internal.reflect.NativeMethodAccessorImpl.invoke(NativeMethodAccessorImpl.java:77)
at java.base/jdk.internal.reflect.DelegatingMethodAccessorImpl.invoke(DelegatingMethodAccessorImpl.java:43)
at java.base/java.lang.reflect.Method.invoke(Method.java:568)
at org.testng.internal.MethodInvocationHelper.invokeMethod(MethodInvocationHelper.java:133)
at org.testng.internal.TestInvoker.invokeMethod(TestInvoker.java:598)
at org.testng.internal.TestInvoker.invokeTestMethod(TestInvoker.java:173)
at org.testng.internal.MethodRunner.runInSequence(MethodRunner.java:46)
at org.testng.internal.TestInvoker$MethodInvocationAgent.invoke(TestInvoker.java:824)
at org.testng.internal.TestInvoker.invokeTestMethods(TestInvoker.java:146)
at org.testng.internal.TestMethodWorker.invokeTestMethods(TestMethodWorker.java:146)
at org.testng.internal.TestMethodWorker.run(TestMethodWorker.java:128)
at java.base/java.util.ArrayList.forEach(ArrayList.java:1511)
at org.testng.TestRunner.privateRun(TestRunner.java:794)
at org.testng.TestRunner.run(TestRunner.java:596)
at org.testng.SuiteRunner.runTest(SuiteRunner.java:377)
at org.testng.SuiteRunner.runSequentially(SuiteRunner.java:371)
at org.testng.SuiteRunner.privateRun(SuiteRunner.java:332)
at org.testng.SuiteRunner.run(SuiteRunner.java:276)
at org.testng.SuiteRunnerWorker.runSuite(SuiteRunnerWorker.java:53)
at org.testng.SuiteRunnerWorker.run(SuiteRunnerWorker.java:96)
at org.testng.TestNG.runSuitesSequentially(TestNG.java:1212)
at org.testng.TestNG.runSuitesLocally(TestNG.java:1134)
at org.testng.TestNG.runSuites(TestNG.java:1063)
at org.testng.TestNG.run(TestNG.java:1031)
at org.testng.remote.AbstractRemoteTestNG.run(AbstractRemoteTestNG.java:115)
at org.testng.remote.RemoteTestNG.initAndRun(RemoteTestNG.java:251)
at org.testng.remote.RemoteTestNG.main(RemoteTestNG.java:77)
Caused by: java.io.IOException: CreateProcess error=2, The system cannot find the file specified
at java.base/java.lang.ProcessImpl.create(Native Method)
at java.base/java.lang.ProcessImpl.<init>(ProcessImpl.java:494)
at java.base/java.lang.ProcessImpl.start(ProcessImpl.java:159)
at java.base/java.lang.ProcessBuilder.start(ProcessBuilder.java:1110)
... 33 more
]]>
            </full-stacktrace>
          </exception> <!-- java.io.IOException -->
          <reporter-output>
          </reporter-output>
        </test-method> <!-- goProfilePicture -->
        <test-method is-config="true" signature="browserQuit()[pri:0, instance:gozayaan.testcases.profilePicture@2e2ff723]" started-at="2022-06-13T17:10:15 BDT" name="browserQuit" finished-at="2022-06-13T17:10:18 BDT" duration-ms="2981" status="PASS">
          <reporter-output>
          </reporter-output>
        </test-method> <!-- browserQuit -->
      </class> <!-- gozayaan.testcases.profilePicture -->
    </test> <!-- goProfilePicture test -->
    <test started-at="2022-06-13T17:10:19 BDT" name="goOneWayFlight test" finished-at="2022-06-13T17:10:40 BDT" duration-ms="21181">
      <class name="gozayaan.testcases.oneWayFlight">
        <test-method is-config="true" signature="initialize()[pri:0, instance:gozayaan.testcases.oneWayFlight@46944ca9]" started-at="2022-06-13T17:10:19 BDT" name="initialize" finished-at="2022-06-13T17:10:28 BDT" duration-ms="9580" status="PASS">
          <reporter-output>
          </reporter-output>
        </test-method> <!-- initialize -->
        <test-method signature="goOneWayFlightlight()[pri:0, instance:gozayaan.testcases.oneWayFlight@46944ca9]" started-at="2022-06-13T17:10:28 BDT" name="goOneWayFlightlight" finished-at="2022-06-13T17:10:37 BDT" duration-ms="9068" status="PASS">
          <reporter-output>
          </reporter-output>
        </test-method> <!-- goOneWayFlightlight -->
        <test-method is-config="true" signature="browserQuit()[pri:0, instance:gozayaan.testcases.oneWayFlight@46944ca9]" started-at="2022-06-13T17:10:37 BDT" name="browserQuit" finished-at="2022-06-13T17:10:40 BDT" duration-ms="2532" status="PASS">
          <reporter-output>
          </reporter-output>
        </test-method> <!-- browserQuit -->
      </class> <!-- gozayaan.testcases.oneWayFlight -->
    </test> <!-- goOneWayFlight test -->
    <test started-at="2022-06-13T17:10:40 BDT" name="goRoundWayFlight test" finished-at="2022-06-13T17:11:07 BDT" duration-ms="27143">
      <class name="gozayaan.testcases.roundWayFlight">
        <test-method is-config="true" signature="initializeDriver()[pri:0, instance:gozayaan.testcases.roundWayFlight@2a448449]" started-at="2022-06-13T17:07:42 BDT" name="initializeDriver" finished-at="2022-06-13T17:08:34 BDT" duration-ms="51578" status="PASS">
          <reporter-output>
          </reporter-output>
        </test-method> <!-- initializeDriver -->
        <test-method is-config="true" signature="initialize()[pri:0, instance:gozayaan.testcases.roundWayFlight@2a448449]" started-at="2022-06-13T17:10:40 BDT" name="initialize" finished-at="2022-06-13T17:10:49 BDT" duration-ms="9178" status="PASS">
          <reporter-output>
          </reporter-output>
        </test-method> <!-- initialize -->
        <test-method signature="goRoundWayFlight()[pri:0, instance:gozayaan.testcases.roundWayFlight@2a448449]" started-at="2022-06-13T17:10:49 BDT" name="goRoundWayFlight" finished-at="2022-06-13T17:11:04 BDT" duration-ms="14685" status="PASS">
          <reporter-output>
          </reporter-output>
        </test-method> <!-- goRoundWayFlight -->
        <test-method is-config="true" signature="browserQuit()[pri:0, instance:gozayaan.testcases.roundWayFlight@2a448449]" started-at="2022-06-13T17:11:04 BDT" name="browserQuit" finished-at="2022-06-13T17:11:07 BDT" duration-ms="3276" status="PASS">
          <reporter-output>
          </reporter-output>
        </test-method> <!-- browserQuit -->
        <test-method is-config="true" signature="afterSuite()[pri:0, instance:gozayaan.testcases.roundWayFlight@2a448449]" started-at="2022-06-13T17:11:07 BDT" name="afterSuite" finished-at="2022-06-13T17:11:07 BDT" duration-ms="1" status="PASS">
          <reporter-output>
          </reporter-output>
        </test-method> <!-- afterSuite -->
      </class> <!-- gozayaan.testcases.roundWayFlight -->
    </test> <!-- goRoundWayFlight test -->
  </suite> <!-- GoZyaan -->
</testng-results>
