<?xml version="1.0" encoding="UTF-8"?>
<!-- Generated by org.testng.reporters.JUnitXMLReporter -->
<testsuite ignored="0" hostname="DESKTOP-EP6G3N2" failures="1" tests="1" name="goProfilePicture test" time="22.67" errors="0" timestamp="2022-06-19T00:59:36 BDT">
  <testcase classname="gozayaan.testcases.profilePicture" name="goProfilePicture" time="6.091">
    <failure type="java.io.IOException" message="Cannot run program &amp;quot;resources/picupload.exe&amp;quot;: CreateProcess error=2, The system cannot find the file specified">
      <![CDATA[java.io.IOException: Cannot run program "resources/picupload.exe": CreateProcess error=2, The system cannot find the file specified
at java.base/java.lang.ProcessBuilder.start(ProcessBuilder.java:1143)
at java.base/java.lang.ProcessBuilder.start(ProcessBuilder.java:1073)
at java.base/java.lang.Runtime.exec(Runtime.java:594)
at java.base/java.lang.Runtime.exec(Runtime.java:418)
at java.base/java.lang.Runtime.exec(Runtime.java:315)
at gozayaan.testcases.profilePicture.goProfilePicture(profilePicture.java:21)
at java.base/java.util.ArrayList.forEach(ArrayList.java:1511)
Caused by: java.io.IOException: CreateProcess error=2, The system cannot find the file specified
at java.base/java.lang.ProcessImpl.create(Native Method)
at java.base/java.lang.ProcessImpl.<init>(ProcessImpl.java:494)
at java.base/java.lang.ProcessImpl.start(ProcessImpl.java:159)
at java.base/java.lang.ProcessBuilder.start(ProcessBuilder.java:1110)
... 33 more
... Removed 27 stack frames]]>
    </failure>
  </testcase> <!-- goProfilePicture -->
</testsuite> <!-- goProfilePicture test -->
